2025-05-04 23:38:09,012 - MainThread - Database initialized successfully
2025-05-04 23:38:09,012 - MainThread - Starting NBA regular season simulation
2025-05-04 23:38:09,015 - MainThread - Submitting Eastern Conference games.
2025-05-04 23:38:09,016 - MainThread - Submitting Western Conference games.
2025-05-04 23:38:09,018 - MainThread - Waiting for Eastern Conference to complete.
2025-05-04 23:38:09,062 - ThreadPoolExecutor-0_0 - Starting security at Kaseya Center
2025-05-04 23:38:09,066 - ThreadPoolExecutor-0_0 - Starting security at State Farm Arena
2025-05-04 23:38:09,068 - ThreadPoolExecutor-0_1 - Starting concessions at Kaseya Center
2025-05-04 23:38:09,066 - ThreadPoolExecutor-0_1 - Starting concessions at State Farm Arena
2025-05-04 23:38:09,074 - ThreadPoolExecutor-0_2 - Starting merchandise at Kaseya Center
2025-05-04 23:38:09,072 - ThreadPoolExecutor-0_2 - Starting merchandise at State Farm Arena
2025-05-04 23:38:09,088 - ThreadPoolExecutor-0_3 - [Atlanta Hawks vs Dallas Mavericks] 🏀 Game started at State Farm Arena!
2025-05-04 23:38:09,090 - ThreadPoolExecutor-0_4 - Starting security at American Airlines Center
2025-05-04 23:38:09,090 - ThreadPoolExecutor-0_5 - Starting concessions at American Airlines Center
2025-05-04 23:38:09,090 - ThreadPoolExecutor-0_6 - Starting merchandise at American Airlines Center
2025-05-04 23:38:09,086 - ThreadPoolExecutor-0_3 - [Miami Heat vs Chicago Bulls] 🏀 Game started at Kaseya Center!
2025-05-04 23:38:09,092 - ThreadPoolExecutor-0_4 - Starting security at Scotiabank Arena
2025-05-04 23:38:09,093 - ThreadPoolExecutor-0_5 - Starting concessions at Scotiabank Arena
2025-05-04 23:38:09,093 - ThreadPoolExecutor-0_6 - Starting merchandise at Scotiabank Arena
2025-05-04 23:38:09,093 - ThreadPoolExecutor-0_3 - [Miami Heat vs Chicago Bulls] Quarter 1 started
2025-05-04 23:38:09,090 - ThreadPoolExecutor-0_3 - [Atlanta Hawks vs Dallas Mavericks] Quarter 1 started
2025-05-04 23:38:09,118 - ThreadPoolExecutor-0_3 - [Toronto Raptors vs Houston Rockets] 🏀 Game started at Scotiabank Arena!
2025-05-04 23:38:09,118 - ThreadPoolExecutor-0_7 - [Dallas Mavericks vs Golden State Warriors] 🏀 Game started at American Airlines Center!
2025-05-04 23:38:09,118 - ThreadPoolExecutor-0_3 - [Atlanta Hawks vs Dallas Mavericks] Luka Dončić steals the ball from Onyeka Okongwu
2025-05-04 23:38:09,118 - ThreadPoolExecutor-0_7 - [Dallas Mavericks vs Golden State Warriors] Quarter 1 started
2025-05-04 23:38:09,119 - ThreadPoolExecutor-0_7 - [Dallas Mavericks vs Golden State Warriors] Brandin Podziemski misses a three-point attempt, offensive rebound by Moses Moody
2025-05-04 23:38:09,121 - MainThread - Error in thread: <src.nba_classes.Player object at 0x103bb0200>
2025-05-04 23:38:09,121 - ThreadPoolExecutor-0_3 - [Toronto Raptors vs Houston Rockets] Quarter 1 started
2025-05-04 23:38:09,121 - ThreadPoolExecutor-0_3 - [Toronto Raptors vs Houston Rockets] Dennis Schröder misses a three-point attempt, Cam Whitmore rebounds
2025-05-04 23:38:09,174 - ThreadPoolExecutor-0_3 - [Atlanta Hawks vs Dallas Mavericks] Kobe Bufkin misses a three-point attempt, Derrick Jones Jr. rebounds
2025-05-04 23:38:09,174 - ThreadPoolExecutor-0_3 - [Toronto Raptors vs Houston Rockets] Tari Eason turns the ball over to Toronto Raptors
2025-05-04 23:38:09,174 - ThreadPoolExecutor-0_7 - [Dallas Mavericks vs Golden State Warriors] Gary Payton II steals the ball from Maxi Kleber
2025-05-04 23:38:09,229 - ThreadPoolExecutor-0_3 - [Toronto Raptors vs Houston Rockets] Dillon Brooks scores 2 points
2025-05-04 23:38:09,229 - ThreadPoolExecutor-0_3 - [Atlanta Hawks vs Dallas Mavericks] Seth Lundy steals the ball from Josh Green
2025-05-04 23:38:09,229 - ThreadPoolExecutor-0_7 - [Dallas Mavericks vs Golden State Warriors] Dereck Lively II steals the ball from Pat Spencer
2025-05-04 23:38:09,283 - ThreadPoolExecutor-0_3 - [Toronto Raptors vs Houston Rockets] Nate Williams misses a three-point attempt, offensive rebound by Boban Marjanović
2025-05-04 23:38:09,283 - ThreadPoolExecutor-0_3 - [Atlanta Hawks vs Dallas Mavericks] Maxi Kleber misses a shot, offensive rebound by Maxi Kleber
2025-05-04 23:38:09,283 - ThreadPoolExecutor-0_7 - [Dallas Mavericks vs Golden State Warriors] Jonathan Kuminga scores 2 points, assisted by Kyle Anderson
2025-05-04 23:38:09,334 - ThreadPoolExecutor-0_3 - [Atlanta Hawks vs Dallas Mavericks] Jalen Johnson scores 2 points, assisted by De'Andre Hunter
2025-05-04 23:38:09,335 - ThreadPoolExecutor-0_7 - [Dallas Mavericks vs Golden State Warriors] Gui Santos scores 2 points, assisted by Moses Moody
2025-05-04 23:38:09,338 - ThreadPoolExecutor-0_3 - [Toronto Raptors vs Houston Rockets] Markquis Nowell misses a three-point attempt, Jeff Green rebounds
2025-05-04 23:38:09,390 - ThreadPoolExecutor-0_3 - [Atlanta Hawks vs Dallas Mavericks] Jaden Hardy misses a shot, offensive rebound by Luka Dončić
2025-05-04 23:38:09,390 - ThreadPoolExecutor-0_7 - [Dallas Mavericks vs Golden State Warriors] Maxi Kleber scores a three-pointer, assisted by Brandon Williams
2025-05-04 23:38:09,393 - ThreadPoolExecutor-0_3 - [Toronto Raptors vs Houston Rockets] Fred VanVleet misses a shot, Otto Porter Jr. rebounds
2025-05-04 23:38:09,440 - ThreadPoolExecutor-0_3 - [Atlanta Hawks vs Dallas Mavericks] Josh Green scores 2 points
2025-05-04 23:38:09,445 - ThreadPoolExecutor-0_7 - [Dallas Mavericks vs Golden State Warriors] Dereck Lively II scores 2 points
2025-05-04 23:38:09,446 - ThreadPoolExecutor-0_3 - [Toronto Raptors vs Houston Rockets] Christian Koloko steals the ball from Aaron Holiday
2025-05-04 23:38:09,490 - ThreadPoolExecutor-0_3 - [Atlanta Hawks vs Dallas Mavericks] PJ Washington misses a shot, Garrison Mathews rebounds
2025-05-04 23:38:09,498 - ThreadPoolExecutor-0_3 - [Toronto Raptors vs Houston Rockets] Christian Koloko turns the ball over to Houston Rockets
2025-05-04 23:38:09,498 - ThreadPoolExecutor-0_7 - [Dallas Mavericks vs Golden State Warriors] Jaden Hardy scores 2 points
2025-05-04 23:38:09,542 - ThreadPoolExecutor-0_3 - [Atlanta Hawks vs Dallas Mavericks] Trae Young blocks Brandon Williams's shot
2025-05-04 23:38:09,551 - ThreadPoolExecutor-0_7 - Starting security at Toyota Center
2025-05-04 23:38:09,553 - ThreadPoolExecutor-0_3 - [Toronto Raptors vs Houston Rockets] Nate Williams steals the ball from Jalen McDaniels
2025-05-04 23:38:09,551 - MainThread - Error in thread: <src.nba_classes.Player object at 0x1035c59d0>
2025-05-04 23:38:09,596 - ThreadPoolExecutor-0_3 - Starting concessions at Toyota Center
2025-05-04 23:38:09,596 - MainThread - Error in thread: <src.nba_classes.Player object at 0x1035c4230>
2025-05-04 23:38:09,608 - ThreadPoolExecutor-0_3 - [Toronto Raptors vs Houston Rockets] OG Anunoby scores 2 points
2025-05-04 23:38:09,663 - ThreadPoolExecutor-0_3 - [Toronto Raptors vs Houston Rockets] Jock Landale scores 2 points
2025-05-04 23:38:09,680 - ThreadPoolExecutor-0_2 - Merchandise: 20 items sold at State Farm Arena
2025-05-04 23:38:09,769 - ThreadPoolExecutor-0_3 - Starting security at Spectrum Center
2025-05-04 23:38:09,769 - MainThread - Error in thread: <src.nba_classes.Player object at 0x103c71730>
2025-05-04 23:38:10,364 - ThreadPoolExecutor-0_2 - Merchandise: 40 items sold at State Farm Arena
2025-05-04 23:38:10,664 - ThreadPoolExecutor-0_6 - Merchandise: 40 items sold at American Airlines Center
2025-05-04 23:38:10,712 - ThreadPoolExecutor-0_2 - Merchandise: 40 items sold at Kaseya Center
2025-05-04 23:38:10,714 - ThreadPoolExecutor-0_6 - Merchandise: 40 items sold at Scotiabank Arena
2025-05-04 23:38:11,545 - ThreadPoolExecutor-0_6 - Merchandise: 60 items sold at Scotiabank Arena
2025-05-04 23:38:11,593 - ThreadPoolExecutor-0_6 - Merchandise: 60 items sold at American Airlines Center
2025-05-04 23:38:11,839 - ThreadPoolExecutor-0_2 - Merchandise: 80 items sold at State Farm Arena
2025-05-04 23:38:12,166 - ThreadPoolExecutor-0_0 - Security: 100 fans have entered State Farm Arena
2025-05-04 23:38:12,220 - ThreadPoolExecutor-0_2 - Merchandise: 80 items sold at Kaseya Center
2025-05-04 23:38:12,243 - ThreadPoolExecutor-0_4 - Security: 100 fans have entered Scotiabank Arena
2025-05-04 23:38:12,290 - ThreadPoolExecutor-0_4 - Security: 100 fans have entered American Airlines Center
2025-05-04 23:38:12,377 - ThreadPoolExecutor-0_6 - Merchandise: 80 items sold at American Airlines Center
2025-05-04 23:38:12,538 - ThreadPoolExecutor-0_0 - Security: 100 fans have entered Kaseya Center
2025-05-04 23:38:12,616 - ThreadPoolExecutor-0_7 - Security: 100 fans have entered Toyota Center
2025-05-04 23:38:12,759 - ThreadPoolExecutor-0_2 - Merchandise: 100 items sold at State Farm Arena
2025-05-04 23:38:12,844 - ThreadPoolExecutor-0_3 - Security: 100 fans have entered Spectrum Center
2025-05-04 23:38:12,910 - ThreadPoolExecutor-0_6 - Merchandise: 100 items sold at American Airlines Center
2025-05-04 23:38:12,994 - ThreadPoolExecutor-0_2 - Merchandise: 100 items sold at Kaseya Center
2025-05-04 23:38:13,548 - ThreadPoolExecutor-0_2 - Merchandise: 120 items sold at State Farm Arena
2025-05-04 23:38:13,726 - ThreadPoolExecutor-0_2 - Merchandise: 120 items sold at Kaseya Center
2025-05-04 23:38:13,971 - ThreadPoolExecutor-0_6 - Merchandise: 120 items sold at Scotiabank Arena
2025-05-04 23:38:14,094 - ThreadPoolExecutor-0_2 - Merchandise: 140 items sold at State Farm Arena
2025-05-04 23:38:14,094 - ThreadPoolExecutor-0_2 - Merchandise sales at State Farm Arena:
2025-05-04 23:38:14,094 - ThreadPoolExecutor-0_2 -   - Jersey: 30 units, $3600.00
2025-05-04 23:38:14,094 - ThreadPoolExecutor-0_2 -   - Cap: 26 units, $910.00
2025-05-04 23:38:14,094 - ThreadPoolExecutor-0_2 -   - T-shirt: 28 units, $1260.00
2025-05-04 23:38:14,094 - ThreadPoolExecutor-0_2 -   - Basketball: 26 units, $1560.00
2025-05-04 23:38:14,094 - ThreadPoolExecutor-0_2 -   - Poster: 30 units, $750.00
2025-05-04 23:38:14,094 - ThreadPoolExecutor-0_2 - Total: 140 items sold, $8080.00 revenue
2025-05-04 23:38:14,095 - ThreadPoolExecutor-0_2 - Starting merchandise at Toyota Center
2025-05-04 23:38:14,123 - ThreadPoolExecutor-0_2 - Merchandise sales at Kaseya Center:
2025-05-04 23:38:14,123 - ThreadPoolExecutor-0_2 -   - Jersey: 27 units, $3240.00
2025-05-04 23:38:14,123 - ThreadPoolExecutor-0_2 -   - Cap: 18 units, $630.00
2025-05-04 23:38:14,123 - ThreadPoolExecutor-0_2 -   - T-shirt: 21 units, $945.00
2025-05-04 23:38:14,123 - ThreadPoolExecutor-0_2 -   - Basketball: 29 units, $1740.00
2025-05-04 23:38:14,123 - ThreadPoolExecutor-0_2 -   - Poster: 35 units, $875.00
2025-05-04 23:38:14,123 - ThreadPoolExecutor-0_2 - Total: 130 items sold, $7430.00 revenue
2025-05-04 23:38:14,124 - ThreadPoolExecutor-0_2 - Starting concessions at Spectrum Center
2025-05-04 23:38:14,142 - ThreadPoolExecutor-0_6 - Merchandise sales at Scotiabank Arena:
2025-05-04 23:38:14,142 - ThreadPoolExecutor-0_6 -   - Jersey: 15 units, $1800.00
2025-05-04 23:38:14,142 - ThreadPoolExecutor-0_6 -   - Cap: 33 units, $1155.00
2025-05-04 23:38:14,142 - ThreadPoolExecutor-0_6 -   - T-shirt: 28 units, $1260.00
2025-05-04 23:38:14,142 - ThreadPoolExecutor-0_6 -   - Basketball: 26 units, $1560.00
2025-05-04 23:38:14,142 - ThreadPoolExecutor-0_6 -   - Poster: 22 units, $550.00
2025-05-04 23:38:14,142 - ThreadPoolExecutor-0_6 - Total: 124 items sold, $6325.00 revenue
2025-05-04 23:38:14,143 - ThreadPoolExecutor-0_6 - Merchandise sales at American Airlines Center:
2025-05-04 23:38:14,143 - ThreadPoolExecutor-0_6 -   - Jersey: 28 units, $3360.00
2025-05-04 23:38:14,143 - ThreadPoolExecutor-0_6 -   - Cap: 24 units, $840.00
2025-05-04 23:38:14,143 - ThreadPoolExecutor-0_6 -   - T-shirt: 20 units, $900.00
2025-05-04 23:38:14,143 - ThreadPoolExecutor-0_6 -   - Basketball: 35 units, $2100.00
2025-05-04 23:38:14,143 - ThreadPoolExecutor-0_6 -   - Poster: 25 units, $625.00
2025-05-04 23:38:14,143 - ThreadPoolExecutor-0_6 - Total: 132 items sold, $7825.00 revenue
2025-05-04 23:38:14,143 - ThreadPoolExecutor-0_6 - Starting merchandise at Spectrum Center
2025-05-04 23:38:14,145 - ThreadPoolExecutor-0_6 - [Houston Rockets vs Indiana Pacers] 🏀 Game started at Toyota Center!
2025-05-04 23:38:14,145 - ThreadPoolExecutor-0_6 - [Houston Rockets vs Indiana Pacers] Quarter 1 started
2025-05-04 23:38:14,145 - ThreadPoolExecutor-0_6 - [Houston Rockets vs Indiana Pacers] Nate Williams scores a three-pointer, assisted by Jabari Smith Jr.
2025-05-04 23:38:14,196 - ThreadPoolExecutor-0_6 - [Houston Rockets vs Indiana Pacers] Amen Thompson misses a three-point attempt, Oscar Tshiebwe rebounds
2025-05-04 23:38:14,250 - ThreadPoolExecutor-0_6 - Starting security at American Airlines Center
2025-05-04 23:38:14,250 - MainThread - Error in thread: <src.nba_classes.Player object at 0x103627470>
2025-05-04 23:38:14,824 - ThreadPoolExecutor-0_2 - Merchandise: 20 items sold at Toyota Center
2025-05-04 23:38:15,237 - ThreadPoolExecutor-0_4 - Security: 200 fans have entered Scotiabank Arena
2025-05-04 23:38:15,334 - ThreadPoolExecutor-0_0 - Security: 200 fans have entered State Farm Arena
2025-05-04 23:38:15,406 - ThreadPoolExecutor-0_4 - Security: 200 fans have entered American Airlines Center
2025-05-04 23:38:15,702 - ThreadPoolExecutor-0_0 - Security: 200 fans have entered Kaseya Center
2025-05-04 23:38:15,720 - ThreadPoolExecutor-0_6 - Merchandise: 40 items sold at Spectrum Center
2025-05-04 23:38:15,720 - ThreadPoolExecutor-0_7 - Security: 200 fans have entered Toyota Center
2025-05-04 23:38:15,792 - ThreadPoolExecutor-0_2 - Merchandise: 40 items sold at Toyota Center
2025-05-04 23:38:15,819 - ThreadPoolExecutor-0_3 - Security: 200 fans have entered Spectrum Center
2025-05-04 23:38:16,569 - ThreadPoolExecutor-0_5 - Concessions: 50 orders processed at Scotiabank Arena
2025-05-04 23:38:16,621 - ThreadPoolExecutor-0_1 - Concessions: 50 orders processed at State Farm Arena
2025-05-04 23:38:16,747 - ThreadPoolExecutor-0_2 - Merchandise: 60 items sold at Toyota Center
2025-05-04 23:38:17,210 - ThreadPoolExecutor-0_5 - Concessions: 50 orders processed at American Airlines Center
2025-05-04 23:38:17,274 - ThreadPoolExecutor-0_6 - Security: 100 fans have entered American Airlines Center
2025-05-04 23:38:17,323 - ThreadPoolExecutor-0_3 - Concessions: 50 orders processed at Toyota Center
2025-05-04 23:38:17,387 - ThreadPoolExecutor-0_6 - Merchandise: 80 items sold at Spectrum Center
2025-05-04 23:38:17,420 - ThreadPoolExecutor-0_1 - Concessions: 50 orders processed at Kaseya Center
2025-05-04 23:38:18,024 - ThreadPoolExecutor-0_6 - Merchandise: 100 items sold at Spectrum Center
2025-05-04 23:38:18,348 - ThreadPoolExecutor-0_4 - Security: 300 fans have entered Scotiabank Arena
2025-05-04 23:38:18,398 - ThreadPoolExecutor-0_2 - Merchandise: 100 items sold at Toyota Center
2025-05-04 23:38:18,527 - ThreadPoolExecutor-0_0 - Security: 300 fans have entered State Farm Arena
2025-05-04 23:38:18,612 - ThreadPoolExecutor-0_4 - Security: 300 fans have entered American Airlines Center
2025-05-04 23:38:18,731 - ThreadPoolExecutor-0_6 - Merchandise: 120 items sold at Spectrum Center
2025-05-04 23:38:18,746 - ThreadPoolExecutor-0_7 - Security: 300 fans have entered Toyota Center
2025-05-04 23:38:18,904 - ThreadPoolExecutor-0_0 - Security: 300 fans have entered Kaseya Center
2025-05-04 23:38:18,986 - ThreadPoolExecutor-0_3 - Security: 300 fans have entered Spectrum Center
2025-05-04 23:38:19,109 - ThreadPoolExecutor-0_2 - Merchandise sales at Toyota Center:
2025-05-04 23:38:19,109 - ThreadPoolExecutor-0_2 -   - Jersey: 22 units, $2640.00
2025-05-04 23:38:19,109 - ThreadPoolExecutor-0_2 -   - Cap: 22 units, $770.00
2025-05-04 23:38:19,109 - ThreadPoolExecutor-0_2 -   - T-shirt: 26 units, $1170.00
2025-05-04 23:38:19,109 - ThreadPoolExecutor-0_2 -   - Basketball: 24 units, $1440.00
2025-05-04 23:38:19,109 - ThreadPoolExecutor-0_2 -   - Poster: 20 units, $500.00
2025-05-04 23:38:19,109 - ThreadPoolExecutor-0_2 - Total: 114 items sold, $6520.00 revenue
2025-05-04 23:38:19,110 - ThreadPoolExecutor-0_2 - Starting concessions at American Airlines Center
2025-05-04 23:38:19,156 - ThreadPoolExecutor-0_6 - Merchandise sales at Spectrum Center:
2025-05-04 23:38:19,156 - ThreadPoolExecutor-0_6 -   - Jersey: 22 units, $2640.00
2025-05-04 23:38:19,156 - ThreadPoolExecutor-0_6 -   - Cap: 23 units, $805.00
2025-05-04 23:38:19,156 - ThreadPoolExecutor-0_6 -   - T-shirt: 36 units, $1620.00
2025-05-04 23:38:19,156 - ThreadPoolExecutor-0_6 -   - Basketball: 23 units, $1380.00
2025-05-04 23:38:19,156 - ThreadPoolExecutor-0_6 -   - Poster: 27 units, $675.00
2025-05-04 23:38:19,156 - ThreadPoolExecutor-0_6 - Total: 131 items sold, $7120.00 revenue
2025-05-04 23:38:19,157 - ThreadPoolExecutor-0_6 - [Charlotte Hornets vs Cleveland Cavaliers] 🏀 Game started at Spectrum Center!
2025-05-04 23:38:19,157 - ThreadPoolExecutor-0_6 - [Charlotte Hornets vs Cleveland Cavaliers] Quarter 1 started
2025-05-04 23:38:19,157 - ThreadPoolExecutor-0_6 - [Charlotte Hornets vs Cleveland Cavaliers] Donovan Mitchell scores 2 points
2025-05-04 23:38:19,212 - ThreadPoolExecutor-0_6 - [Charlotte Hornets vs Cleveland Cavaliers] Frank Ntilikina misses a shot, Craig Porter Jr. rebounds
2025-05-04 23:38:19,267 - ThreadPoolExecutor-0_6 - [Charlotte Hornets vs Cleveland Cavaliers] Bryce McGowens turns the ball over to Cleveland Cavaliers
2025-05-04 23:38:19,323 - ThreadPoolExecutor-0_6 - [Charlotte Hornets vs Cleveland Cavaliers] Gordon Hayward blocks Emoni Bates's shot
2025-05-04 23:38:19,378 - ThreadPoolExecutor-0_6 - [Charlotte Hornets vs Cleveland Cavaliers] Georges Niang steals the ball from Frank Ntilikina
2025-05-04 23:38:19,433 - ThreadPoolExecutor-0_6 - [Charlotte Hornets vs Cleveland Cavaliers] Georges Niang misses a three-point attempt, Frank Ntilikina rebounds
2025-05-04 23:38:19,488 - ThreadPoolExecutor-0_6 - [Charlotte Hornets vs Cleveland Cavaliers] Tristan Thompson blocks Cody Martin's shot
2025-05-04 23:38:19,540 - ThreadPoolExecutor-0_6 - [Charlotte Hornets vs Cleveland Cavaliers] P.J. Washington steals the ball from Emoni Bates
2025-05-04 23:38:19,595 - ThreadPoolExecutor-0_6 - [Charlotte Hornets vs Cleveland Cavaliers] Emoni Bates misses a shot, offensive rebound by Damian Jones
2025-05-04 23:38:19,650 - ThreadPoolExecutor-0_6 - [Charlotte Hornets vs Cleveland Cavaliers] Brandon Miller misses a shot, Evan Mobley rebounds
2025-05-04 23:38:19,705 - ThreadPoolExecutor-0_6 - Starting security at Madison Square Garden
2025-05-04 23:38:19,707 - MainThread - Error in thread: <src.nba_classes.Player object at 0x103c72ab0>
2025-05-04 23:38:20,204 - ThreadPoolExecutor-0_6 - Security: 200 fans have entered American Airlines Center
2025-05-04 23:38:21,335 - ThreadPoolExecutor-0_2 - Concessions: 50 orders processed at Spectrum Center
2025-05-04 23:38:21,436 - ThreadPoolExecutor-0_0 - Security: 400 fans have entered State Farm Arena
2025-05-04 23:38:21,567 - ThreadPoolExecutor-0_4 - Security: 400 fans have entered Scotiabank Arena
2025-05-04 23:38:21,796 - ThreadPoolExecutor-0_4 - Security: 400 fans have entered American Airlines Center
2025-05-04 23:38:21,848 - ThreadPoolExecutor-0_7 - Security: 400 fans have entered Toyota Center
2025-05-04 23:38:21,930 - ThreadPoolExecutor-0_0 - Security: 400 fans have entered Kaseya Center
2025-05-04 23:38:22,260 - ThreadPoolExecutor-0_3 - Security: 400 fans have entered Spectrum Center
2025-05-04 23:38:22,888 - ThreadPoolExecutor-0_6 - Security: 100 fans have entered Madison Square Garden
2025-05-04 23:38:23,269 - ThreadPoolExecutor-0_6 - Security: 300 fans have entered American Airlines Center
2025-05-04 23:38:24,266 - ThreadPoolExecutor-0_5 - Concessions: 100 orders processed at American Airlines Center
2025-05-04 23:38:24,393 - ThreadPoolExecutor-0_1 - Concessions: 100 orders processed at State Farm Arena
2025-05-04 23:38:24,438 - ThreadPoolExecutor-0_4 - Security: 500 fans have entered Scotiabank Arena
2025-05-04 23:38:24,587 - ThreadPoolExecutor-0_0 - Security: 500 fans have entered State Farm Arena
2025-05-04 23:38:24,768 - ThreadPoolExecutor-0_3 - Concessions: 100 orders processed at Toyota Center
2025-05-04 23:38:24,935 - ThreadPoolExecutor-0_5 - Concessions: 100 orders processed at Scotiabank Arena
2025-05-04 23:38:25,030 - ThreadPoolExecutor-0_4 - Security: 500 fans have entered American Airlines Center
2025-05-04 23:38:25,030 - ThreadPoolExecutor-0_0 - Security: 500 fans have entered Kaseya Center
2025-05-04 23:38:25,076 - ThreadPoolExecutor-0_7 - Security: 500 fans have entered Toyota Center
2025-05-04 23:38:25,421 - ThreadPoolExecutor-0_1 - Concessions: 100 orders processed at Kaseya Center
2025-05-04 23:38:25,659 - ThreadPoolExecutor-0_3 - Security: 500 fans have entered Spectrum Center
2025-05-04 23:38:25,841 - ThreadPoolExecutor-0_6 - Security: 200 fans have entered Madison Square Garden
2025-05-04 23:38:26,422 - ThreadPoolExecutor-0_6 - Security: 400 fans have entered American Airlines Center
2025-05-04 23:38:26,498 - ThreadPoolExecutor-0_2 - Concessions: 50 orders processed at American Airlines Center
2025-05-04 23:38:27,315 - ThreadPoolExecutor-0_4 - Security: 600 fans have entered Scotiabank Arena
2025-05-04 23:38:27,852 - ThreadPoolExecutor-0_0 - Security: 600 fans have entered State Farm Arena
2025-05-04 23:38:28,140 - ThreadPoolExecutor-0_4 - Security: 600 fans have entered American Airlines Center
2025-05-04 23:38:28,251 - ThreadPoolExecutor-0_0 - Security: 600 fans have entered Kaseya Center
2025-05-04 23:38:28,286 - ThreadPoolExecutor-0_7 - Security: 600 fans have entered Toyota Center
2025-05-04 23:38:28,541 - ThreadPoolExecutor-0_2 - Concessions: 100 orders processed at Spectrum Center
2025-05-04 23:38:28,613 - ThreadPoolExecutor-0_3 - Security: 600 fans have entered Spectrum Center
2025-05-04 23:38:28,845 - ThreadPoolExecutor-0_6 - Security: 300 fans have entered Madison Square Garden
2025-05-04 23:38:29,391 - ThreadPoolExecutor-0_6 - Security: 500 fans have entered American Airlines Center
2025-05-04 23:38:30,476 - ThreadPoolExecutor-0_4 - Security: 700 fans have entered Scotiabank Arena
2025-05-04 23:38:31,162 - ThreadPoolExecutor-0_0 - Security: 700 fans have entered State Farm Arena
2025-05-04 23:38:31,312 - ThreadPoolExecutor-0_7 - Security: 700 fans have entered Toyota Center
2025-05-04 23:38:31,329 - ThreadPoolExecutor-0_4 - Security: 700 fans have entered American Airlines Center
2025-05-04 23:38:31,537 - ThreadPoolExecutor-0_0 - Security: 700 fans have entered Kaseya Center
2025-05-04 23:38:31,606 - ThreadPoolExecutor-0_5 - Concessions: 150 orders processed at American Airlines Center
2025-05-04 23:38:31,637 - ThreadPoolExecutor-0_1 - Concessions: 150 orders processed at State Farm Arena
2025-05-04 23:38:31,824 - ThreadPoolExecutor-0_3 - Security: 700 fans have entered Spectrum Center
2025-05-04 23:38:32,162 - ThreadPoolExecutor-0_6 - Security: 400 fans have entered Madison Square Garden
2025-05-04 23:38:32,202 - ThreadPoolExecutor-0_3 - Concessions: 150 orders processed at Toyota Center
2025-05-04 23:38:32,321 - ThreadPoolExecutor-0_5 - Concessions: 150 orders processed at Scotiabank Arena
2025-05-04 23:38:32,432 - ThreadPoolExecutor-0_6 - Security: 600 fans have entered American Airlines Center
2025-05-04 23:38:33,093 - ThreadPoolExecutor-0_1 - Concessions: 150 orders processed at Kaseya Center
2025-05-04 23:38:33,584 - ThreadPoolExecutor-0_4 - Security: 800 fans have entered Scotiabank Arena
2025-05-04 23:38:34,176 - ThreadPoolExecutor-0_0 - Security: 800 fans have entered State Farm Arena
2025-05-04 23:38:34,276 - ThreadPoolExecutor-0_7 - Security: 800 fans have entered Toyota Center
2025-05-04 23:38:34,552 - ThreadPoolExecutor-0_4 - Security: 800 fans have entered American Airlines Center
2025-05-04 23:38:34,618 - ThreadPoolExecutor-0_0 - Security: 800 fans have entered Kaseya Center
2025-05-04 23:38:34,761 - ThreadPoolExecutor-0_2 - Concessions: 100 orders processed at American Airlines Center
2025-05-04 23:38:34,967 - ThreadPoolExecutor-0_3 - Security: 800 fans have entered Spectrum Center
2025-05-04 23:38:35,086 - ThreadPoolExecutor-0_6 - Security: 500 fans have entered Madison Square Garden
2025-05-04 23:38:35,656 - ThreadPoolExecutor-0_6 - Security: 700 fans have entered American Airlines Center
2025-05-04 23:38:36,300 - ThreadPoolExecutor-0_2 - Concessions: 150 orders processed at Spectrum Center
2025-05-04 23:38:36,914 - ThreadPoolExecutor-0_4 - Security: 900 fans have entered Scotiabank Arena
2025-05-04 23:38:37,230 - ThreadPoolExecutor-0_0 - Security: 900 fans have entered State Farm Arena
2025-05-04 23:38:37,468 - ThreadPoolExecutor-0_7 - Security: 900 fans have entered Toyota Center
2025-05-04 23:38:37,469 - ThreadPoolExecutor-0_4 - Security: 900 fans have entered American Airlines Center
2025-05-04 23:38:37,876 - ThreadPoolExecutor-0_0 - Security: 900 fans have entered Kaseya Center
2025-05-04 23:38:37,962 - ThreadPoolExecutor-0_3 - Security: 900 fans have entered Spectrum Center
2025-05-04 23:38:38,362 - ThreadPoolExecutor-0_6 - Security: 600 fans have entered Madison Square Garden
2025-05-04 23:38:38,407 - ThreadPoolExecutor-0_1 - Concessions: 200 orders processed at State Farm Arena
2025-05-04 23:38:38,768 - ThreadPoolExecutor-0_6 - Security: 800 fans have entered American Airlines Center
2025-05-04 23:38:38,860 - ThreadPoolExecutor-0_5 - Concessions: 200 orders processed at American Airlines Center
2025-05-04 23:38:39,648 - ThreadPoolExecutor-0_5 - Concessions: 200 orders processed at Scotiabank Arena
2025-05-04 23:38:39,797 - ThreadPoolExecutor-0_3 - Concessions: 200 orders processed at Toyota Center
2025-05-04 23:38:40,175 - ThreadPoolExecutor-0_4 - Security: 1000 fans have entered Scotiabank Arena
2025-05-04 23:38:40,329 - ThreadPoolExecutor-0_0 - Security: 1000 fans have entered State Farm Arena
2025-05-04 23:38:40,423 - ThreadPoolExecutor-0_7 - Security: 1000 fans have entered Toyota Center
2025-05-04 23:38:40,645 - ThreadPoolExecutor-0_1 - Concessions: 200 orders processed at Kaseya Center
2025-05-04 23:38:40,742 - ThreadPoolExecutor-0_4 - Security: 1000 fans have entered American Airlines Center
2025-05-04 23:38:40,887 - ThreadPoolExecutor-0_0 - Security: 1000 fans have entered Kaseya Center
2025-05-04 23:38:40,956 - ThreadPoolExecutor-0_3 - Security: 1000 fans have entered Spectrum Center
2025-05-04 23:38:41,710 - ThreadPoolExecutor-0_6 - Security: 700 fans have entered Madison Square Garden
2025-05-04 23:38:42,038 - ThreadPoolExecutor-0_6 - Security: 900 fans have entered American Airlines Center
2025-05-04 23:38:42,787 - ThreadPoolExecutor-0_2 - Concessions: 150 orders processed at American Airlines Center
2025-05-04 23:38:43,272 - ThreadPoolExecutor-0_7 - Security: 1100 fans have entered Toyota Center
2025-05-04 23:38:43,360 - ThreadPoolExecutor-0_4 - Security: 1100 fans have entered Scotiabank Arena
2025-05-04 23:38:43,717 - ThreadPoolExecutor-0_0 - Security: 1100 fans have entered State Farm Arena
2025-05-04 23:38:43,861 - ThreadPoolExecutor-0_0 - Security: 1100 fans have entered Kaseya Center
2025-05-04 23:38:43,879 - ThreadPoolExecutor-0_4 - Security: 1100 fans have entered American Airlines Center
2025-05-04 23:38:44,249 - ThreadPoolExecutor-0_3 - Security: 1100 fans have entered Spectrum Center
2025-05-04 23:38:44,338 - ThreadPoolExecutor-0_2 - Concessions: 200 orders processed at Spectrum Center
2025-05-04 23:38:44,728 - ThreadPoolExecutor-0_6 - Security: 800 fans have entered Madison Square Garden
2025-05-04 23:38:44,938 - ThreadPoolExecutor-0_6 - Security: 1000 fans have entered American Airlines Center
2025-05-04 23:38:46,076 - ThreadPoolExecutor-0_5 - Concessions: 250 orders processed at American Airlines Center
2025-05-04 23:38:46,345 - ThreadPoolExecutor-0_7 - Security: 1200 fans have entered Toyota Center
2025-05-04 23:38:46,471 - ThreadPoolExecutor-0_4 - Security: 1200 fans have entered Scotiabank Arena
2025-05-04 23:38:46,561 - ThreadPoolExecutor-0_1 - Concessions: 250 orders processed at State Farm Arena
2025-05-04 23:38:46,754 - ThreadPoolExecutor-0_0 - Security: 1200 fans have entered State Farm Arena
2025-05-04 23:38:47,022 - ThreadPoolExecutor-0_4 - Security: 1200 fans have entered American Airlines Center
2025-05-04 23:38:47,118 - ThreadPoolExecutor-0_0 - Security: 1200 fans have entered Kaseya Center
2025-05-04 23:38:47,260 - ThreadPoolExecutor-0_3 - Security: 1200 fans have entered Spectrum Center
2025-05-04 23:38:47,792 - ThreadPoolExecutor-0_6 - Security: 900 fans have entered Madison Square Garden
2025-05-04 23:38:47,874 - ThreadPoolExecutor-0_5 - Concessions: 250 orders processed at Scotiabank Arena
2025-05-04 23:38:48,119 - ThreadPoolExecutor-0_6 - Security: 1100 fans have entered American Airlines Center
2025-05-04 23:38:48,226 - ThreadPoolExecutor-0_3 - Concessions: 250 orders processed at Toyota Center
2025-05-04 23:38:48,312 - ThreadPoolExecutor-0_1 - Concessions: 250 orders processed at Kaseya Center
2025-05-04 23:38:49,408 - ThreadPoolExecutor-0_4 - Security: 1300 fans have entered Scotiabank Arena
2025-05-04 23:38:49,706 - ThreadPoolExecutor-0_7 - Security: 1300 fans have entered Toyota Center
2025-05-04 23:38:49,765 - ThreadPoolExecutor-0_0 - Security: 1300 fans have entered State Farm Arena
2025-05-04 23:38:50,095 - ThreadPoolExecutor-0_0 - Security: 1300 fans have entered Kaseya Center
2025-05-04 23:38:50,341 - ThreadPoolExecutor-0_4 - Security: 1300 fans have entered American Airlines Center
2025-05-04 23:38:50,389 - ThreadPoolExecutor-0_3 - Security: 1300 fans have entered Spectrum Center
2025-05-04 23:38:50,411 - ThreadPoolExecutor-0_2 - Concessions: 200 orders processed at American Airlines Center
2025-05-04 23:38:51,098 - ThreadPoolExecutor-0_6 - Security: 1200 fans have entered American Airlines Center
2025-05-04 23:38:51,240 - ThreadPoolExecutor-0_6 - Security: 1000 fans have entered Madison Square Garden
2025-05-04 23:38:51,599 - ThreadPoolExecutor-0_2 - Concessions: 250 orders processed at Spectrum Center
2025-05-04 23:38:52,583 - ThreadPoolExecutor-0_4 - Security: 1400 fans have entered Scotiabank Arena
2025-05-04 23:38:52,843 - ThreadPoolExecutor-0_0 - Security: 1400 fans have entered State Farm Arena
2025-05-04 23:38:52,918 - ThreadPoolExecutor-0_7 - Security: 1400 fans have entered Toyota Center
2025-05-04 23:38:53,162 - ThreadPoolExecutor-0_0 - Security: 1400 fans have entered Kaseya Center
2025-05-04 23:38:53,352 - ThreadPoolExecutor-0_5 - Concessions: 300 orders processed at American Airlines Center
2025-05-04 23:38:53,584 - ThreadPoolExecutor-0_4 - Security: 1400 fans have entered American Airlines Center
2025-05-04 23:38:53,802 - ThreadPoolExecutor-0_3 - Security: 1400 fans have entered Spectrum Center
2025-05-04 23:38:54,169 - ThreadPoolExecutor-0_1 - Concessions: 300 orders processed at State Farm Arena
2025-05-04 23:38:54,278 - ThreadPoolExecutor-0_6 - Security: 1300 fans have entered American Airlines Center
2025-05-04 23:38:54,423 - ThreadPoolExecutor-0_6 - Security: 1100 fans have entered Madison Square Garden
2025-05-04 23:38:55,322 - ThreadPoolExecutor-0_5 - Concessions: 300 orders processed at Scotiabank Arena
2025-05-04 23:38:55,605 - ThreadPoolExecutor-0_4 - Security: 1500 fans have entered Scotiabank Arena
2025-05-04 23:38:55,694 - ThreadPoolExecutor-0_7 - Security: 1500 fans have entered Toyota Center
2025-05-04 23:38:55,795 - ThreadPoolExecutor-0_1 - Concessions: 300 orders processed at Kaseya Center
2025-05-04 23:38:56,116 - ThreadPoolExecutor-0_0 - Security: 1500 fans have entered State Farm Arena
2025-05-04 23:38:56,122 - ThreadPoolExecutor-0_0 - Security: 1500 fans have entered Kaseya Center
2025-05-04 23:38:56,361 - ThreadPoolExecutor-0_3 - Concessions: 300 orders processed at Toyota Center
2025-05-04 23:38:56,536 - ThreadPoolExecutor-0_4 - Security: 1500 fans have entered American Airlines Center
2025-05-04 23:38:56,954 - ThreadPoolExecutor-0_3 - Security: 1500 fans have entered Spectrum Center
2025-05-04 23:38:57,451 - ThreadPoolExecutor-0_6 - Security: 1400 fans have entered American Airlines Center
2025-05-04 23:38:57,468 - ThreadPoolExecutor-0_6 - Security: 1200 fans have entered Madison Square Garden
2025-05-04 23:38:58,585 - ThreadPoolExecutor-0_4 - Security: 1600 fans have entered Scotiabank Arena
2025-05-04 23:38:58,739 - ThreadPoolExecutor-0_7 - Security: 1600 fans have entered Toyota Center
2025-05-04 23:38:58,791 - ThreadPoolExecutor-0_2 - Concessions: 250 orders processed at American Airlines Center
2025-05-04 23:38:59,263 - ThreadPoolExecutor-0_0 - Security: 1600 fans have entered Kaseya Center
2025-05-04 23:38:59,328 - ThreadPoolExecutor-0_0 - Security: 1600 fans have entered State Farm Arena
2025-05-04 23:38:59,343 - ThreadPoolExecutor-0_2 - Concessions: 300 orders processed at Spectrum Center
2025-05-04 23:38:59,505 - ThreadPoolExecutor-0_4 - Security: 1600 fans have entered American Airlines Center
2025-05-04 23:38:59,965 - ThreadPoolExecutor-0_3 - Security: 1600 fans have entered Spectrum Center
