
===== 🏆 NBA PLAYOFFS REPORT 🏆 =====

NBA CHAMPION: Denver Nuggets

PLAYOFF SERIES RESULTS:

First Round:

  Eastern Conference:
    Miami Heat vs Atlanta Hawks: 0-4 (Miami Heat wins)
    Milwaukee Bucks vs Cleveland Cavaliers: 0-4 (Milwaukee Bucks wins)
    Orlando Magic vs Boston Celtics: 4-3 (Orlando Magic wins)
    Philadelphia 76ers vs New York Knicks: 4-2 (New York Knicks wins)
    Orlando Magic vs New York Knicks: 4-0 (New York Knicks wins)
    Miami Heat vs Milwaukee Bucks: 1-4 (Milwaukee Bucks wins)
    Milwaukee Bucks vs New York Knicks: 4-1 (Milwaukee Bucks wins)

  Western Conference:
    Los Angeles Clippers vs Los Angeles Lakers: 4-2 (Los Angeles Lakers wins)
    San Antonio Spurs vs Memphis Grizzlies: 4-1 (San Antonio Spurs wins)
    Phoenix Suns vs New Orleans Pelicans: 0-4 (Phoenix Suns wins)
    Denver Nuggets vs Oklahoma City Thunder: 4-3 (Denver Nuggets wins)
    San Antonio Spurs vs Los Angeles Lakers: 4-1 (San Antonio Spurs wins)
    Denver Nuggets vs Phoenix Suns: 4-1 (Denver Nuggets wins)
    Denver Nuggets vs San Antonio Spurs: 4-3 (Denver Nuggets wins)

Finals:

  NBA Finals:
    Milwaukee Bucks vs Denver Nuggets: 3-4 (Denver Nuggets wins)

PLAYOFF TOP SCORERS:
1. Jay Huff: 284 points
2. Taurean Prince: 266 points
3. Michael Porter Jr.: 220 points
4. Reggie Jackson: 218 points
5. Dario Šarić: 202 points
6. Jamal Murray: 196 points
7. AJ Green: 188 points
8. Christian Braun: 184 points
9. Nikola Jokić: 172 points
10. Kentavious Caldwell-Pope: 170 points

HIGHEST SCORING PLAYOFF GAMES:
1. Milwaukee Bucks 61 - Denver Nuggets 57 (118 pts total) on 2024-05-30, Winner: Milwaukee Bucks
2. Phoenix Suns 59 - New Orleans Pelicans 50 (109 pts total) on 2024-07-18, Winner: Phoenix Suns
3. Orlando Magic 63 - Boston Celtics 45 (108 pts total) on 2024-05-09, Winner: Orlando Magic
4. Milwaukee Bucks 56 - Cleveland Cavaliers 51 (107 pts total) on 2024-05-30, Winner: Milwaukee Bucks
5. Denver Nuggets 37 - Milwaukee Bucks 69 (106 pts total) on 2024-06-04, Winner: Milwaukee Bucks

===================================
