
===== NBA SIMULATION STATS REPORT =====

TOP SCORING TEAMS:
1. Los Angeles Lakers: 313 points
2. Milwaukee Bucks: 303 points
3. Phoenix Suns: 253 points
4. Houston Rockets: 251 points
5. Philadelphia 76ers: 203 points

TOP SCORING PLAYERS:
1. Eric Gordon: 64 points
2. Taurean Prince: 47 points
3. Cam Thomas: 44 points
4. Khris Middleton: 43 points
5. Jae Crowder: 41 points
6. Brook Lopez: 41 points
7. Rui Hachimura: 40 points
8. Keita Bates-Diop: 40 points
9. Reggie Jackson: 39 points
10. Tim Hardaway Jr.: 37 points

STADIUM OPERATIONS AVERAGES:
Concessions: 209.0 average processed
Merchandise: 131.4 average processed
Security: 165.2 average processed

======================================
