
===== NBA SIMULATION STATS REPORT =====
Report generated: 2025-05-09 19:03:29

TOP SCORING TEAMS:
1. Sacramento Kings: 178 points
2. Memphis Grizzlies: 142 points
3. Chicago Bulls: 119 points
4. Utah Jazz: 117 points
5. Toronto Raptors: 110 points

TOP SCORING PLAYERS:
1. Gary Trent Jr.: 30 points
2. Bojan Bogdanović: 30 points
3. Reggie Jackson: 27 points
4. Kelly Olynyk: 27 points
5. Jalen Smith: 25 points
6. Buddy Hield: 24 points
7. OG Anunoby: 23 points
8. Jay Huff: 23 points
9. Isaiah Joe: 23 points
10. Herbert Jones: 23 points

STADIUM OPERATIONS AVERAGES:
Concessions: 206.6 average processed
Merchandise: 128.4 average processed
Security: 163.9 average processed

======================================
